<?xml version='1.0' encoding='UTF-8'?>
<testsuite hostname="sas" name="com.dqs.SparkSessionTest" tests="1" errors="0" failures="0" skipped="0" time="2.088" timestamp="2026-04-01T09:29:23">
          <properties>
[...]
</properties>
          <testcase classname="com.dqs.SparkSessionTest" name="SparkSession can be initialized locally" time="2.088">
                      
                    </testcase>
          <system-out><![CDATA[]]></system-out>
          <system-err><![CDATA[]]></system-err>
        </testsuite>